Removed Pin From Net: NetName=NetC5_2 Pin=U2-1
Removed Pin From Net: NetName=NetC7_2 Pin=U2-2
Removed Pin From Net: NetName=NetC5_1 Pin=U2-3
Removed Pin From Net: NetName=NetC6_2 Pin=U2-4
Removed Pin From Net: NetName=NetC6_1 Pin=U2-5
Removed Pin From Net: NetName=NetC8_2 Pin=U2-6
Removed Pin From Net: NetName=UART1 TX Pin=U2-7
Removed Pin From Net: NetName=PD2 Pin=U2-9
Removed Pin From Net: NetName=PD3 Pin=U2-10
Removed Pin From Net: NetName=PE1 Pin=U2-11
Removed Pin From Net: NetName=PE0 Pin=U2-12
Removed Pin From Net: NetName=UART0 RX Pin=U2-13
Removed Pin From Net: NetName=UART0 TX Pin=U2-14
Removed Pin From Net: NetName=GND Pin=U2-15
Removed Pin From Net: NetName=+5 Pin=U2-16
Removed Member From Class: ClassName=Sheet1 Member=U2
Added Component: Designator=U?(D0016A_M)
Add component (AddParameter): Name = "ComponentLink1Description"; Value = "Manufacturer URL"; VariantName = "[No Variations]"
Add component (AddParameter): Name = "ComponentLink1URL"; Value = "www.ti.com"; VariantName = "[No Variations]"
Add component (AddParameter): Name = "ComponentLink2Description"; Value = "Datasheet"; VariantName = "[No Variations]"
Add component (AddParameter): Name = "ComponentLink2URL"; Value = "http://www.ti.com/general/docs/lit/getliterature.tsp?genericPartNumber=MAX232&fileType=pdf"; VariantName = "[No Variations]"
Add component (AddParameter): Name = "ComponentLink3Description"; Value = "Package Specification"; VariantName = "[No Variations]"
Add component (AddParameter): Name = "ComponentLink3URL"; Value = "http://www.ti.com/litv/pdf/mpds178g"; VariantName = "[No Variations]"
Add component (AddParameter): Name = "DatasheetVersion"; Value = "SLLS047L"; VariantName = "[No Variations]"
Add component (AddParameter): Name = "Drivers Per Package"; Value = "2"; VariantName = "[No Variations]"
Add component (AddParameter): Name = "ESD HBM(kV)"; Value = "+/-2"; VariantName = "[No Variations]"
Add component (AddParameter): Name = "ICC(Max)(mA)"; Value = "10"; VariantName = "[No Variations]"
Add component (AddParameter): Name = "PackageDescription"; Value = "16-Pin Plastic Small Outline Integrated Circuit, 9.9 x 3.9 mm, Pitch 1.27 mm Pitch"; VariantName = "[No Variations]"
Add component (AddParameter): Name = "PackageReference"; Value = "D0016A"; VariantName = "[No Variations]"
Add component (AddParameter): Name = "PackageVersion"; Value = "revM, Jun-2011"; VariantName = "[No Variations]"
Add component (AddParameter): Name = "Receivers Per Package"; Value = "2"; VariantName = "[No Variations]"
Add component (AddParameter): Name = "RS-232"; Value = "TRUE"; VariantName = "[No Variations]"
Add component (AddParameter): Name = "Single Supply"; Value = "TRUE"; VariantName = "[No Variations]"
Add component (AddParameter): Name = "SubFamily"; Value = "RS-232"; VariantName = "[No Variations]"
Add component (AddParameter): Name = "Supply Voltage(s)(V)"; Value = "5"; VariantName = "[No Variations]"
Added Pin To Net: NetName=NetC5_2 Pin=U?-1
Added Pin To Net: NetName=NetC7_2 Pin=U?-2
Added Pin To Net: NetName=NetC5_1 Pin=U?-3
Added Pin To Net: NetName=NetC6_2 Pin=U?-4
Added Pin To Net: NetName=NetC6_1 Pin=U?-5
Added Pin To Net: NetName=NetC8_2 Pin=U?-6
Added Pin To Net: NetName=UART1 TX Pin=U?-7
Added Pin To Net: NetName=PD2 Pin=U?-9
Added Pin To Net: NetName=PD3 Pin=U?-10
Added Pin To Net: NetName=PE1 Pin=U?-11
Added Pin To Net: NetName=PE0 Pin=U?-12
Added Pin To Net: NetName=UART0 RX Pin=U?-13
Added Pin To Net: NetName=UART0 TX Pin=U?-14
Added Pin To Net: NetName=GND Pin=U?-15
Added Pin To Net: NetName=+5 Pin=U?-16
Added Member To Class: ClassName=Sheet1 Member=Component C3 Ceramic/1608
Added Member To Class: ClassName=Sheet1 Member=Component C4 Ceramic/1608
Added Member To Class: ClassName=Sheet1 Member=Component C5 Ceramic/1608
Added Member To Class: ClassName=Sheet1 Member=Component C7 Ceramic/1608
Added Member To Class: ClassName=Sheet1 Member=Component C9 Ceramic/1608
Added Member To Class: ClassName=Sheet1 Member=Component C11 Ceramic/1608
Added Member To Class: ClassName=Sheet1 Member=Component C12 Ceramic/1608
Added Member To Class: ClassName=Sheet1 Member=Component U? MAX232D
