Removed Pin From Net: NetName=+5 Pin=C3-1
Removed Pin From Net: NetName=GND Pin=C3-2
Change Component Designator: OldDesignator=C4 NewDesignator=C3
Change Component Designator: OldDesignator=C5 NewDesignator=C4
Change Component Designator: OldDesignator=C6 NewDesignator=C5
Change Component Designator: OldDesignator=C7 NewDesignator=C6
Change Component Designator: OldDesignator=C8 NewDesignator=C7
Change Component Designator: OldDesignator=C9 NewDesignator=C8
Change Component Designator: OldDesignator=C10 NewDesignator=C9
Change Component Designator: OldDesignator=C11 NewDesignator=C10
Change Component Designator: OldDesignator=C12 NewDesignator=C11
Change Component Designator: OldDesignator=C13 NewDesignator=C12
Change Component Designator: OldDesignator=C14 NewDesignator=C13
Change Net Name : Old Net Name=NetC6_1 New Net Name=NetC5_1
Change Net Name : Old Net Name=NetC6_2 New Net Name=NetC5_2
Change Net Name : Old Net Name=NetC7_1 New Net Name=NetC6_1
Change Net Name : Old Net Name=NetC7_2 New Net Name=NetC6_2
Change Net Name : Old Net Name=NetC8_2 New Net Name=NetC7_2
Change Net Name : Old Net Name=NetC9_2 New Net Name=NetC8_2
Change Net Name : Old Net Name=NetC14_1 New Net Name=NetC13_1
Added Member To Class: ClassName=Sheet1 Member=Component C4 Ceramic/1608
Added Member To Class: ClassName=Sheet1 Member=Component C5 Ceramic/1608
Added Member To Class: ClassName=Sheet1 Member=Component C7 Ceramic/1608
Added Member To Class: ClassName=Sheet1 Member=Component C9 Ceramic/1608
Added Member To Class: ClassName=Sheet1 Member=Component C11 Ceramic/1608
Added Member To Class: ClassName=Sheet1 Member=Component C12 Ceramic/1608
Added Member To Class: ClassName=Sheet1 Member=Component R2 Generic 1608
