Removed Pin From Net: NetName=PEN Pin=J5-1
Removed Pin From Net: NetName=PE0 Pin=J5-2
Removed Pin From Net: NetName=PE1 Pin=J5-3
Removed Pin From Net: NetName=PE2 Pin=J5-4
Removed Pin From Net: NetName=PE3 Pin=J5-5
Removed Pin From Net: NetName=PE4 Pin=J5-6
Removed Pin From Net: NetName=PE5 Pin=J5-7
Removed Pin From Net: NetName=PE6 Pin=J5-8
Removed Pin From Net: NetName=PE7 Pin=J5-9
Removed Pin From Net: NetName=PB0 Pin=J5-10
Removed Pin From Net: NetName=PB1 Pin=J5-11
Removed Pin From Net: NetName=PB2 Pin=J5-12
Removed Pin From Net: NetName=PB3 Pin=J5-13
Removed Pin From Net: NetName=PB4 Pin=J5-14
Removed Pin From Net: NetName=PB5 Pin=J5-15
Removed Pin From Net: NetName=PB6 Pin=J5-16
Removed Pin From Net: NetName=PB7 Pin=J5-17
Removed Pin From Net: NetName=PG3 Pin=J5-18
Removed Pin From Net: NetName=PG4 Pin=J5-19
Removed Pin From Net: NetName=RESET Pin=J5-20
Removed Pin From Net: NetName=+5 Pin=J5-21
Removed Pin From Net: NetName=GND Pin=J5-22
Removed Pin From Net: NetName=XTAL2 Pin=J5-23
Removed Pin From Net: NetName=XTAL1 Pin=J5-24
Removed Pin From Net: NetName=PD0 Pin=J5-25
Removed Pin From Net: NetName=PD1 Pin=J5-26
Removed Pin From Net: NetName=PD2 Pin=J5-27
Removed Pin From Net: NetName=PD3 Pin=J5-28
Removed Pin From Net: NetName=PD4 Pin=J5-29
Removed Pin From Net: NetName=PD5 Pin=J5-30
Removed Pin From Net: NetName=PD6 Pin=J5-31
Removed Pin From Net: NetName=PD7 Pin=J5-32
Removed Pin From Net: NetName=+5 Pin=J6-1
Removed Pin From Net: NetName=GND Pin=J6-2
Removed Pin From Net: NetName=AREF Pin=J6-3
Removed Pin From Net: NetName=PF0 Pin=J6-4
Removed Pin From Net: NetName=PF1 Pin=J6-5
Removed Pin From Net: NetName=PF2 Pin=J6-6
Removed Pin From Net: NetName=PF3 Pin=J6-7
Removed Pin From Net: NetName=PF4 Pin=J6-8
Removed Pin From Net: NetName=PF5 Pin=J6-9
Removed Pin From Net: NetName=PF6 Pin=J6-10
Removed Pin From Net: NetName=PF7 Pin=J6-11
Removed Pin From Net: NetName=GND Pin=J6-12
Removed Pin From Net: NetName=+5 Pin=J6-13
Removed Pin From Net: NetName=PA0 Pin=J6-14
Removed Pin From Net: NetName=PA1 Pin=J6-15
Removed Pin From Net: NetName=PA2 Pin=J6-16
Removed Pin From Net: NetName=PA3 Pin=J6-17
Removed Pin From Net: NetName=PA4 Pin=J6-18
Removed Pin From Net: NetName=PA5 Pin=J6-19
Removed Pin From Net: NetName=PA6 Pin=J6-20
Removed Pin From Net: NetName=PA7 Pin=J6-21
Removed Pin From Net: NetName=PG2 Pin=J6-22
Removed Pin From Net: NetName=PC7 Pin=J6-23
Removed Pin From Net: NetName=PC6 Pin=J6-24
Removed Pin From Net: NetName=PC5 Pin=J6-25
Removed Pin From Net: NetName=PC4 Pin=J6-26
Removed Pin From Net: NetName=PC3 Pin=J6-27
Removed Pin From Net: NetName=PC2 Pin=J6-28
Removed Pin From Net: NetName=PC1 Pin=J6-29
Removed Pin From Net: NetName=PC0 Pin=J6-30
Removed Pin From Net: NetName=PG1 Pin=J6-31
Removed Pin From Net: NetName=PG0 Pin=J6-32
Change Component Designator: OldDesignator=J2 NewDesignator=J3
Change Component Designator: OldDesignator=J3 NewDesignator=J2
Added Pin To Net: NetName=PE0 Pin=J5-1
Added Pin To Net: NetName=PEN Pin=J5-2
Added Pin To Net: NetName=PE2 Pin=J5-3
Added Pin To Net: NetName=PE1 Pin=J5-4
Added Pin To Net: NetName=PE4 Pin=J5-5
Added Pin To Net: NetName=PE3 Pin=J5-6
Added Pin To Net: NetName=PE6 Pin=J5-7
Added Pin To Net: NetName=PE5 Pin=J5-8
Added Pin To Net: NetName=PB0 Pin=J5-9
Added Pin To Net: NetName=PE7 Pin=J5-10
Added Pin To Net: NetName=PB2 Pin=J5-11
Added Pin To Net: NetName=PB1 Pin=J5-12
Added Pin To Net: NetName=PB4 Pin=J5-13
Added Pin To Net: NetName=PB3 Pin=J5-14
Added Pin To Net: NetName=PB6 Pin=J5-15
Added Pin To Net: NetName=PB5 Pin=J5-16
Added Pin To Net: NetName=PG3 Pin=J5-17
Added Pin To Net: NetName=PB7 Pin=J5-18
Added Pin To Net: NetName=RESET Pin=J5-19
Added Pin To Net: NetName=PG4 Pin=J5-20
Added Pin To Net: NetName=GND Pin=J5-21
Added Pin To Net: NetName=+5 Pin=J5-22
Added Pin To Net: NetName=XTAL1 Pin=J5-23
Added Pin To Net: NetName=XTAL2 Pin=J5-24
Added Pin To Net: NetName=PD1 Pin=J5-25
Added Pin To Net: NetName=PD0 Pin=J5-26
Added Pin To Net: NetName=PD3 Pin=J5-27
Added Pin To Net: NetName=PD2 Pin=J5-28
Added Pin To Net: NetName=PD5 Pin=J5-29
Added Pin To Net: NetName=PD4 Pin=J5-30
Added Pin To Net: NetName=PD7 Pin=J5-31
Added Pin To Net: NetName=PD6 Pin=J5-32
Added Pin To Net: NetName=GND Pin=J6-1
Added Pin To Net: NetName=+5 Pin=J6-2
Added Pin To Net: NetName=PF0 Pin=J6-3
Added Pin To Net: NetName=AREF Pin=J6-4
Added Pin To Net: NetName=PF2 Pin=J6-5
Added Pin To Net: NetName=PF1 Pin=J6-6
Added Pin To Net: NetName=PF4 Pin=J6-7
Added Pin To Net: NetName=PF3 Pin=J6-8
Added Pin To Net: NetName=PF6 Pin=J6-9
Added Pin To Net: NetName=PF5 Pin=J6-10
Added Pin To Net: NetName=GND Pin=J6-11
Added Pin To Net: NetName=PF7 Pin=J6-12
Added Pin To Net: NetName=PA0 Pin=J6-13
Added Pin To Net: NetName=+5 Pin=J6-14
Added Pin To Net: NetName=PA2 Pin=J6-15
Added Pin To Net: NetName=PA1 Pin=J6-16
Added Pin To Net: NetName=PA4 Pin=J6-17
Added Pin To Net: NetName=PA3 Pin=J6-18
Added Pin To Net: NetName=PA6 Pin=J6-19
Added Pin To Net: NetName=PA5 Pin=J6-20
Added Pin To Net: NetName=PG2 Pin=J6-21
Added Pin To Net: NetName=PA7 Pin=J6-22
Added Pin To Net: NetName=PC6 Pin=J6-23
Added Pin To Net: NetName=PC7 Pin=J6-24
Added Pin To Net: NetName=PC4 Pin=J6-25
Added Pin To Net: NetName=PC5 Pin=J6-26
Added Pin To Net: NetName=PC2 Pin=J6-27
Added Pin To Net: NetName=PC3 Pin=J6-28
Added Pin To Net: NetName=PC0 Pin=J6-29
Added Pin To Net: NetName=PC1 Pin=J6-30
Added Pin To Net: NetName=PG0 Pin=J6-31
Added Pin To Net: NetName=PG1 Pin=J6-32
